[2026-02-12 11:19:18] [ERROR] NOTICE: session_start(): Ignoring session_start() because a session is already active (started from C:\wamp64\www\inventario\config\Config.php on line 146) en C:\wamp64\www\inventario\index.php línea 349 
[2026-02-12 15:19:25] Intento de login - Usuario: admin
[2026-02-12 15:19:25] Intentando autenticar usuario: admin
[2026-02-12 15:19:25] AuthController: AuthController inicializado
[2026-02-12 15:19:25] Username recibido: admin
[2026-02-12 15:19:25] Password recibido: @dm...
[2026-02-12 15:19:25] AuthController: Iniciando login para: admin
[2026-02-12 15:19:25] AuthController: Username recibido: admin
[2026-02-12 15:19:25] AuthController: Password recibido (primeros 3 chars): @dm...
[2026-02-12 15:19:25] AuthController: Password completo: @dmin123.
[2026-02-12 15:19:25] AuthController: Buscando usuario por username: admin
[2026-02-12 15:19:25] AuthController: Usuario encontrado: {"id":1,"username":"admin","activo":true,"hash_length":60}
[2026-02-12 15:19:25] AuthController: Hash en BD: $2y$10$xuyfNI4CNFy1YZ7ECE/jp.NV87gbUuFwBnezJZM2wfdck5pQ1Ufd.
[2026-02-12 15:19:25] AuthController: Password a verificar: @dmin123.
[2026-02-12 15:19:25] AuthController: Verificando contraseña...
[2026-02-12 15:19:25] AuthController: === PRUEBA DE VERIFICACIÓN ===
[2026-02-12 15:19:26] AuthController: password_verify resultado: TRUE
[2026-02-12 15:19:26] AuthController: ✓ Contraseña verificada correctamente
[2026-02-12 15:19:26] AuthController: Actualizando último login para usuario ID: 1
[2026-02-12 15:19:26] AuthController: Login exitoso para: admin
[2026-02-12 15:19:26] Resultado del login: {"success":true,"user":{"id":1,"username":"admin","nombre":"Administrador","email":"admin@inventario.com","rol":"admin"}}
[2026-02-12 15:19:26] Login exitoso para usuario: admin
[2026-02-12 15:21:36] Intento de login - Usuario: admin
[2026-02-12 15:21:36] Intentando autenticar usuario: admin
[2026-02-12 15:21:36] AuthController: AuthController inicializado
[2026-02-12 15:21:36] Username recibido: admin
[2026-02-12 15:21:36] Password recibido: @dm...
[2026-02-12 15:21:36] AuthController: Iniciando login para: admin
[2026-02-12 15:21:36] AuthController: Username recibido: admin
[2026-02-12 15:21:36] AuthController: Password recibido (primeros 3 chars): @dm...
[2026-02-12 15:21:36] AuthController: Password completo: @dmin123.
[2026-02-12 15:21:36] AuthController: Buscando usuario por username: admin
[2026-02-12 15:21:36] AuthController: Usuario encontrado: {"id":1,"username":"admin","activo":true,"hash_length":60}
[2026-02-12 15:21:36] AuthController: Hash en BD: $2y$10$xuyfNI4CNFy1YZ7ECE/jp.NV87gbUuFwBnezJZM2wfdck5pQ1Ufd.
[2026-02-12 15:21:36] AuthController: Password a verificar: @dmin123.
[2026-02-12 15:21:36] AuthController: Verificando contraseña...
[2026-02-12 15:21:36] AuthController: === PRUEBA DE VERIFICACIÓN ===
[2026-02-12 15:21:37] AuthController: password_verify resultado: TRUE
[2026-02-12 15:21:37] AuthController: ✓ Contraseña verificada correctamente
[2026-02-12 15:21:37] AuthController: Actualizando último login para usuario ID: 1
[2026-02-12 15:21:37] AuthController: Login exitoso para: admin
[2026-02-12 15:21:37] Resultado del login: {"success":true,"user":{"id":1,"username":"admin","nombre":"Administrador","email":"admin@inventario.com","rol":"admin"}}
[2026-02-12 15:21:37] Login exitoso para usuario: admin
[2026-02-12 14:16:28] [ERROR] DEPRECATED: Function strftime() is deprecated since 8.1, use IntlDateFormatter::format() instead en C:\wamp64\www\inventario\Views\ventas\index.php línea 397 
[2026-02-12 14:17:45] [ERROR] DEPRECATED: Function strftime() is deprecated since 8.1, use IntlDateFormatter::format() instead en C:\wamp64\www\inventario\Views\ventas\index.php línea 397 
[2026-02-12 14:17:54] [ERROR] DEPRECATED: Function strftime() is deprecated since 8.1, use IntlDateFormatter::format() instead en C:\wamp64\www\inventario\Views\ventas\index.php línea 397 
[2026-02-12 14:18:12] [ERROR] DEPRECATED: Function strftime() is deprecated since 8.1, use IntlDateFormatter::format() instead en C:\wamp64\www\inventario\Views\ventas\index.php línea 397 
[2026-02-12 14:18:36] [ERROR] DEPRECATED: Function strftime() is deprecated since 8.1, use IntlDateFormatter::format() instead en C:\wamp64\www\inventario\Views\ventas\index.php línea 397 
[2026-02-12 14:18:47] [ERROR] DEPRECATED: Function strftime() is deprecated since 8.1, use IntlDateFormatter::format() instead en C:\wamp64\www\inventario\Views\ventas\index.php línea 397 
[2026-02-12 14:18:54] [ERROR] DEPRECATED: Function strftime() is deprecated since 8.1, use IntlDateFormatter::format() instead en C:\wamp64\www\inventario\Views\ventas\index.php línea 397 
[2026-02-12 14:19:05] [ERROR] DEPRECATED: Function strftime() is deprecated since 8.1, use IntlDateFormatter::format() instead en C:\wamp64\www\inventario\Views\ventas\index.php línea 397 
[2026-02-12 14:19:09] [ERROR] DEPRECATED: Function strftime() is deprecated since 8.1, use IntlDateFormatter::format() instead en C:\wamp64\www\inventario\Views\ventas\index.php línea 397 
[2026-02-12 14:19:10] [ERROR] DEPRECATED: Function strftime() is deprecated since 8.1, use IntlDateFormatter::format() instead en C:\wamp64\www\inventario\Views\ventas\index.php línea 397 
[2026-02-12 14:19:16] [ERROR] DEPRECATED: Function strftime() is deprecated since 8.1, use IntlDateFormatter::format() instead en C:\wamp64\www\inventario\Views\ventas\index.php línea 397 
[2026-02-12 14:21:16] [ERROR] DEPRECATED: Function strftime() is deprecated since 8.1, use IntlDateFormatter::format() instead en C:\wamp64\www\inventario\Views\ventas\index.php línea 397 
[2026-02-12 14:21:16] [ERROR] WARNING: Undefined variable $total_bs_precio_fijo en C:\wamp64\www\inventario\Views\ventas\index.php línea 533 
[2026-02-12 14:21:45] [ERROR] DEPRECATED: Function strftime() is deprecated since 8.1, use IntlDateFormatter::format() instead en C:\wamp64\www\inventario\Views\ventas\index.php línea 397 
[2026-02-12 14:22:02] [ERROR] DEPRECATED: Function strftime() is deprecated since 8.1, use IntlDateFormatter::format() instead en C:\wamp64\www\inventario\Views\ventas\index.php línea 397 
[2026-02-12 14:22:02] [ERROR] WARNING: Undefined variable $total_bs_precio_fijo en C:\wamp64\www\inventario\Views\ventas\index.php línea 533 
[2026-02-12 14:22:04] [ERROR] DEPRECATED: Function strftime() is deprecated since 8.1, use IntlDateFormatter::format() instead en C:\wamp64\www\inventario\Views\ventas\index.php línea 397 
[2026-02-12 14:22:04] [ERROR] WARNING: Undefined variable $total_bs_precio_fijo en C:\wamp64\www\inventario\Views\ventas\index.php línea 533 
[2026-02-12 14:22:15] [ERROR] DEPRECATED: Function strftime() is deprecated since 8.1, use IntlDateFormatter::format() instead en C:\wamp64\www\inventario\Views\ventas\index.php línea 397 
[2026-02-12 14:22:47] [ERROR] DEPRECATED: Function strftime() is deprecated since 8.1, use IntlDateFormatter::format() instead en C:\wamp64\www\inventario\Views\ventas\index.php línea 397 
[2026-02-12 14:22:47] [ERROR] WARNING: Undefined variable $total_bs_precio_fijo en C:\wamp64\www\inventario\Views\ventas\index.php línea 544 
[2026-02-12 14:23:42] [ERROR] DEPRECATED: Function strftime() is deprecated since 8.1, use IntlDateFormatter::format() instead en C:\wamp64\www\inventario\Views\ventas\index.php línea 397 
[2026-02-12 14:24:10] [ERROR] DEPRECATED: Function strftime() is deprecated since 8.1, use IntlDateFormatter::format() instead en C:\wamp64\www\inventario\Views\ventas\index.php línea 397 
[2026-02-12 14:24:10] [ERROR] WARNING: Undefined variable $total_bs_precio_fijoo en C:\wamp64\www\inventario\Views\ventas\index.php línea 861 
[2026-02-12 14:24:15] [ERROR] DEPRECATED: Function strftime() is deprecated since 8.1, use IntlDateFormatter::format() instead en C:\wamp64\www\inventario\Views\ventas\index.php línea 397 
[2026-02-12 14:24:48] [ERROR] DEPRECATED: Function strftime() is deprecated since 8.1, use IntlDateFormatter::format() instead en C:\wamp64\www\inventario\Views\ventas\index.php línea 397 
[2026-02-12 14:24:48] [ERROR] WARNING: Undefined variable $total_bs_precio_fijo en C:\wamp64\www\inventario\Views\ventas\index.php línea 537 
[2026-02-12 14:24:56] [ERROR] DEPRECATED: Function strftime() is deprecated since 8.1, use IntlDateFormatter::format() instead en C:\wamp64\www\inventario\Views\ventas\index.php línea 397 
[2026-02-12 14:24:56] [ERROR] WARNING: Undefined variable $total_bs_precio_fijo en C:\wamp64\www\inventario\Views\ventas\index.php línea 536 
[2026-02-12 14:25:32] [ERROR] DEPRECATED: Function strftime() is deprecated since 8.1, use IntlDateFormatter::format() instead en C:\wamp64\www\inventario\Views\ventas\index.php línea 397 
[2026-02-12 14:25:32] [ERROR] WARNING: Undefined variable $total_bs_precio_fijo en C:\wamp64\www\inventario\Views\ventas\index.php línea 544 
[2026-02-12 14:25:42] [ERROR] DEPRECATED: Function strftime() is deprecated since 8.1, use IntlDateFormatter::format() instead en C:\wamp64\www\inventario\Views\ventas\index.php línea 397 
[2026-02-12 14:26:33] [ERROR] DEPRECATED: Function strftime() is deprecated since 8.1, use IntlDateFormatter::format() instead en C:\wamp64\www\inventario\Views\ventas\index.php línea 397 
[2026-02-12 14:31:34] [ERROR] DEPRECATED: Function strftime() is deprecated since 8.1, use IntlDateFormatter::format() instead en C:\wamp64\www\inventario\Views\ventas\index.php línea 397 
[2026-02-12 14:33:21] [ERROR] DEPRECATED: Function strftime() is deprecated since 8.1, use IntlDateFormatter::format() instead en C:\wamp64\www\inventario\Views\ventas\index.php línea 397 
[2026-02-12 14:38:22] [ERROR] DEPRECATED: Function strftime() is deprecated since 8.1, use IntlDateFormatter::format() instead en C:\wamp64\www\inventario\Views\ventas\index.php línea 397 
[2026-02-12 14:38:46] [ERROR] DEPRECATED: Function strftime() is deprecated since 8.1, use IntlDateFormatter::format() instead en C:\wamp64\www\inventario\Views\ventas\index.php línea 397 
[2026-02-12 14:45:47] [ERROR] DEPRECATED: Function strftime() is deprecated since 8.1, use IntlDateFormatter::format() instead en C:\wamp64\www\inventario\Views\ventas\index.php línea 397 
[2026-02-12 14:48:12] [ERROR] DEPRECATED: Function strftime() is deprecated since 8.1, use IntlDateFormatter::format() instead en C:\wamp64\www\inventario\Views\ventas\index.php línea 397 
[2026-02-12 14:52:52] [ERROR] DEPRECATED: Function strftime() is deprecated since 8.1, use IntlDateFormatter::format() instead en C:\wamp64\www\inventario\Views\ventas\index.php línea 397 
[2026-02-12 14:52:59] [ERROR] DEPRECATED: Function strftime() is deprecated since 8.1, use IntlDateFormatter::format() instead en C:\wamp64\www\inventario\Views\ventas\index.php línea 397 
[2026-02-12 14:53:01] [ERROR] DEPRECATED: Function strftime() is deprecated since 8.1, use IntlDateFormatter::format() instead en C:\wamp64\www\inventario\Views\ventas\index.php línea 397 
[2026-02-12 14:53:59] [ERROR] DEPRECATED: Function strftime() is deprecated since 8.1, use IntlDateFormatter::format() instead en C:\wamp64\www\inventario\Views\ventas\index.php línea 397 
[2026-02-12 14:54:14] [ERROR] DEPRECATED: Function strftime() is deprecated since 8.1, use IntlDateFormatter::format() instead en C:\wamp64\www\inventario\Views\ventas\index.php línea 397 
[2026-02-12 14:54:16] [ERROR] DEPRECATED: Function strftime() is deprecated since 8.1, use IntlDateFormatter::format() instead en C:\wamp64\www\inventario\Views\ventas\index.php línea 397 
[2026-02-24 13:54:00] [ERROR] DEPRECATED: Function strftime() is deprecated since 8.1, use IntlDateFormatter::format() instead en C:\wamp64\www\inventario\Views\ventas\index.php línea 397 
[2026-02-24 13:55:59] [ERROR] DEPRECATED: Function strftime() is deprecated since 8.1, use IntlDateFormatter::format() instead en C:\wamp64\www\inventario\Views\ventas\index.php línea 397 
[2026-02-24 14:00:29] [ERROR] DEPRECATED: Function strftime() is deprecated since 8.1, use IntlDateFormatter::format() instead en C:\wamp64\www\inventario\Views\ventas\index.php línea 397 
[2026-02-24 14:01:53] [ERROR] DEPRECATED: Function strftime() is deprecated since 8.1, use IntlDateFormatter::format() instead en C:\wamp64\www\inventario\Views\ventas\index.php línea 397 
[2026-02-24 14:02:47] [ERROR] DEPRECATED: Function strftime() is deprecated since 8.1, use IntlDateFormatter::format() instead en C:\wamp64\www\inventario\Views\ventas\index.php línea 397 
[2026-02-24 14:08:36] [ERROR] DEPRECATED: Function strftime() is deprecated since 8.1, use IntlDateFormatter::format() instead en C:\wamp64\www\inventario\Views\ventas\index.php línea 397 
[2026-02-24 14:14:02] [ERROR] DEPRECATED: Function strftime() is deprecated since 8.1, use IntlDateFormatter::format() instead en C:\wamp64\www\inventario\Views\ventas\index.php línea 397 
[2026-02-24 14:14:27] [ERROR] DEPRECATED: Function strftime() is deprecated since 8.1, use IntlDateFormatter::format() instead en C:\wamp64\www\inventario\Views\ventas\index.php línea 397 
[2026-02-24 14:15:19] [ERROR] DEPRECATED: Function strftime() is deprecated since 8.1, use IntlDateFormatter::format() instead en C:\wamp64\www\inventario\Views\ventas\index.php línea 397 
[2026-02-24 14:16:05] [ERROR] DEPRECATED: Function strftime() is deprecated since 8.1, use IntlDateFormatter::format() instead en C:\wamp64\www\inventario\Views\ventas\index.php línea 397 
[2026-02-24 14:18:22] [ERROR] DEPRECATED: Function strftime() is deprecated since 8.1, use IntlDateFormatter::format() instead en C:\wamp64\www\inventario\Views\ventas\index.php línea 397 
[2026-02-24 14:20:05] [ERROR] DEPRECATED: Function strftime() is deprecated since 8.1, use IntlDateFormatter::format() instead en C:\wamp64\www\inventario\Views\ventas\index.php línea 397 
[2026-02-24 14:25:30] [ERROR] DEPRECATED: Function strftime() is deprecated since 8.1, use IntlDateFormatter::format() instead en C:\wamp64\www\inventario\Views\ventas\index.php línea 397 
[2026-02-24 14:37:57] [ERROR] NOTICE: session_start(): Ignoring session_start() because a session is already active (started from C:\wamp64\www\inventario\config\Config.php on line 146) en C:\wamp64\www\inventario\index.php línea 349 
[2026-02-24 18:38:08] Intento de login - Usuario: admin
[2026-02-24 18:38:08] Intentando autenticar usuario: admin
[2026-02-24 18:38:08] AuthController: AuthController inicializado
[2026-02-24 18:38:08] Username recibido: admin
[2026-02-24 18:38:08] Password recibido: @dm...
[2026-02-24 18:38:08] AuthController: Iniciando login para: admin
[2026-02-24 18:38:08] AuthController: Username recibido: admin
[2026-02-24 18:38:08] AuthController: Password recibido (primeros 3 chars): @dm...
[2026-02-24 18:38:08] AuthController: Password completo: @dmin123.
[2026-02-24 18:38:08] AuthController: Buscando usuario por username: admin
[2026-02-24 18:38:08] AuthController: Usuario encontrado: {"id":1,"username":"admin","activo":true,"hash_length":60}
[2026-02-24 18:38:08] AuthController: Hash en BD: $2y$10$xuyfNI4CNFy1YZ7ECE/jp.NV87gbUuFwBnezJZM2wfdck5pQ1Ufd.
[2026-02-24 18:38:08] AuthController: Password a verificar: @dmin123.
[2026-02-24 18:38:08] AuthController: Verificando contraseña...
[2026-02-24 18:38:08] AuthController: === PRUEBA DE VERIFICACIÓN ===
[2026-02-24 18:38:08] AuthController: password_verify resultado: TRUE
[2026-02-24 18:38:08] AuthController: ✓ Contraseña verificada correctamente
[2026-02-24 18:38:08] AuthController: Actualizando último login para usuario ID: 1
[2026-02-24 18:38:08] AuthController: Login exitoso para: admin
[2026-02-24 18:38:08] Resultado del login: {"success":true,"user":{"id":1,"username":"admin","nombre":"Administrador","email":"admin@inventario.com","rol":"admin"}}
[2026-02-24 18:38:08] Login exitoso para usuario: admin
[2026-02-24 14:38:11] [ERROR] DEPRECATED: Function strftime() is deprecated since 8.1, use IntlDateFormatter::format() instead en C:\wamp64\www\inventario\Views\ventas\index.php línea 397 
[2026-02-24 14:38:13] [ERROR] DEPRECATED: Function strftime() is deprecated since 8.1, use IntlDateFormatter::format() instead en C:\wamp64\www\inventario\Views\ventas\index.php línea 397 
[2026-02-24 14:38:16] [ERROR] DEPRECATED: Function strftime() is deprecated since 8.1, use IntlDateFormatter::format() instead en C:\wamp64\www\inventario\Views\ventas\index.php línea 397 
[2026-02-24 14:46:39] [ERROR] DEPRECATED: Function strftime() is deprecated since 8.1, use IntlDateFormatter::format() instead en C:\wamp64\www\inventario\Views\ventas\index.php línea 397 
[2026-02-24 14:50:31] [ERROR] DEPRECATED: Function strftime() is deprecated since 8.1, use IntlDateFormatter::format() instead en C:\wamp64\www\inventario\Views\ventas\index.php línea 397 
[2026-02-24 14:51:37] [ERROR] DEPRECATED: Function strftime() is deprecated since 8.1, use IntlDateFormatter::format() instead en C:\wamp64\www\inventario\Views\ventas\index.php línea 397 
[2026-02-24 14:51:57] [ERROR] DEPRECATED: Function strftime() is deprecated since 8.1, use IntlDateFormatter::format() instead en C:\wamp64\www\inventario\Views\ventas\index.php línea 397 
[2026-02-24 14:57:16] [ERROR] DEPRECATED: Function strftime() is deprecated since 8.1, use IntlDateFormatter::format() instead en C:\wamp64\www\inventario\Views\ventas\index.php línea 397 
[2026-02-24 14:59:27] [ERROR] DEPRECATED: Function strftime() is deprecated since 8.1, use IntlDateFormatter::format() instead en C:\wamp64\www\inventario\Views\ventas\index.php línea 397 
[2026-02-24 14:59:54] [ERROR] DEPRECATED: Function strftime() is deprecated since 8.1, use IntlDateFormatter::format() instead en C:\wamp64\www\inventario\Views\ventas\index.php línea 397 
[2026-02-24 15:00:07] [ERROR] DEPRECATED: Function strftime() is deprecated since 8.1, use IntlDateFormatter::format() instead en C:\wamp64\www\inventario\Views\ventas\index.php línea 397 
[2026-02-24 19:18:24] [DEBUG] Todas las categorías obtenidas {"total":4}
[2026-02-24 19:42:10] [ERROR] NOTICE: session_start(): Ignoring session_start() because a session is already active (started from /opt/homebrew/var/www/inventario/Config/Config.php on line 146) en /opt/homebrew/var/www/inventario/index.php línea 349 
[2026-02-24 23:42:21] Intento de login - Usuario: admin
[2026-02-24 23:42:21] Intentando autenticar usuario: admin
[2026-02-24 23:42:21] AuthController: AuthController inicializado
[2026-02-24 23:42:21] Username recibido: admin
[2026-02-24 23:42:21] Password recibido: @ad...
[2026-02-24 23:42:21] AuthController: Iniciando login para: admin
[2026-02-24 23:42:21] AuthController: Username recibido: admin
[2026-02-24 23:42:21] AuthController: Password recibido (primeros 3 chars): @ad...
[2026-02-24 23:42:21] AuthController: Password completo: @admin123
[2026-02-24 23:42:21] AuthController: Buscando usuario por username: admin
[2026-02-24 23:42:21] AuthController: Usuario encontrado: {"id":1,"username":"admin","activo":true,"hash_length":60}
[2026-02-24 23:42:21] AuthController: Hash en BD: $2y$10$xuyfNI4CNFy1YZ7ECE/jp.NV87gbUuFwBnezJZM2wfdck5pQ1Ufd.
[2026-02-24 23:42:21] AuthController: Password a verificar: @admin123
[2026-02-24 23:42:21] AuthController: Verificando contraseña...
[2026-02-24 23:42:21] AuthController: === PRUEBA DE VERIFICACIÓN ===
[2026-02-24 23:42:21] AuthController: password_verify resultado: FALSE
[2026-02-24 23:42:21] AuthController: Hash parece bcrypt pero no verifica, probando verificación manual
[2026-02-24 23:42:21] AuthController: Hash parts: ["","2y","10","xuyfNI4CNFy1YZ7ECE\/jp.NV87gbUuFwBnezJZM2wfdck5pQ1Ufd."]
[2026-02-24 23:42:21] AuthController: Test hash generado: $2y$12$.5v5bN4WAigUUaMrZgCFZ.HdVS6ww6nxzBpDb1N8KOOdmzG4Lep6G
[2026-02-24 23:42:21] AuthController: ✗ Contraseña incorrecta
[2026-02-24 23:42:21] AuthController: Hash almacenado: $2y$10$xuyfNI4CNFy1YZ7ECE/jp.NV87gbUuFwBnezJZM2wfdck5pQ1Ufd.
[2026-02-24 23:42:21] AuthController: Password ingresada: @admin123
[2026-02-24 23:42:21] Resultado del login: {"success":false,"message":"Contrase\u00f1a incorrecta"}
[2026-02-24 23:42:21] Login fallido: Contraseña incorrecta
[2026-02-24 23:42:29] Intento de login - Usuario: admin
[2026-02-24 23:42:29] Intentando autenticar usuario: admin
[2026-02-24 23:42:29] AuthController: AuthController inicializado
[2026-02-24 23:42:29] Username recibido: admin
[2026-02-24 23:42:29] Password recibido: @dm...
[2026-02-24 23:42:29] AuthController: Iniciando login para: admin
[2026-02-24 23:42:29] AuthController: Username recibido: admin
[2026-02-24 23:42:29] AuthController: Password recibido (primeros 3 chars): @dm...
[2026-02-24 23:42:29] AuthController: Password completo: @dmin123.
[2026-02-24 23:42:29] AuthController: Buscando usuario por username: admin
[2026-02-24 23:42:29] AuthController: Usuario encontrado: {"id":1,"username":"admin","activo":true,"hash_length":60}
[2026-02-24 23:42:29] AuthController: Hash en BD: $2y$10$xuyfNI4CNFy1YZ7ECE/jp.NV87gbUuFwBnezJZM2wfdck5pQ1Ufd.
[2026-02-24 23:42:29] AuthController: Password a verificar: @dmin123.
[2026-02-24 23:42:29] AuthController: Verificando contraseña...
[2026-02-24 23:42:29] AuthController: === PRUEBA DE VERIFICACIÓN ===
[2026-02-24 23:42:29] AuthController: password_verify resultado: TRUE
[2026-02-24 23:42:29] AuthController: ✓ Contraseña verificada correctamente
[2026-02-24 23:42:29] AuthController: Actualizando último login para usuario ID: 1
[2026-02-24 23:42:29] AuthController: Login exitoso para: admin
[2026-02-24 23:42:29] Resultado del login: {"success":true,"user":{"id":1,"username":"admin","nombre":"Administrador","email":"admin@inventario.com","rol":"admin"}}
[2026-02-24 23:42:29] Login exitoso para usuario: admin
[2026-02-24 19:42:39] [ERROR] DEPRECATED: Function strftime() is deprecated since 8.1, use IntlDateFormatter::format() instead en /opt/homebrew/var/www/inventario/Views/ventas/index.php línea 397 
[2026-02-24 23:43:05] [DEBUG] Todas las categorías obtenidas {"total":4}
[2026-02-24 23:43:06] [INFO] Categorías listadas {"total":4}
[2026-02-24 19:45:37] [ERROR] DEPRECATED: Function strftime() is deprecated since 8.1, use IntlDateFormatter::format() instead en /opt/homebrew/var/www/inventario/Views/ventas/index.php línea 397 
[2026-02-24 19:46:03] [ERROR] DEPRECATED: Function strftime() is deprecated since 8.1, use IntlDateFormatter::format() instead en /opt/homebrew/var/www/inventario/Views/ventas/index.php línea 397 
[2026-02-24 19:46:05] [ERROR] DEPRECATED: Function strftime() is deprecated since 8.1, use IntlDateFormatter::format() instead en /opt/homebrew/var/www/inventario/Views/ventas/index.php línea 397 
[2026-02-24 19:46:49] [ERROR] DEPRECATED: Function strftime() is deprecated since 8.1, use IntlDateFormatter::format() instead en /opt/homebrew/var/www/inventario/Views/ventas/index.php línea 397 
[2026-02-24 19:46:59] [ERROR] DEPRECATED: Function strftime() is deprecated since 8.1, use IntlDateFormatter::format() instead en /opt/homebrew/var/www/inventario/Views/ventas/index.php línea 397 
[2026-02-24 19:47:01] [ERROR] DEPRECATED: Function strftime() is deprecated since 8.1, use IntlDateFormatter::format() instead en /opt/homebrew/var/www/inventario/Views/ventas/index.php línea 397 
[2026-02-24 19:47:33] [ERROR] DEPRECATED: Function strftime() is deprecated since 8.1, use IntlDateFormatter::format() instead en /opt/homebrew/var/www/inventario/Views/ventas/index.php línea 397 
[2026-02-24 19:48:14] [ERROR] DEPRECATED: Function strftime() is deprecated since 8.1, use IntlDateFormatter::format() instead en /opt/homebrew/var/www/inventario/Views/ventas/index.php línea 397 
[2026-02-24 19:48:32] [ERROR] DEPRECATED: Function strftime() is deprecated since 8.1, use IntlDateFormatter::format() instead en /opt/homebrew/var/www/inventario/Views/ventas/index.php línea 397 
[2026-02-24 23:50:08] [INFO] Categorías listadas {"total":4}
[2026-02-24 23:50:12] [DEBUG] Todas las categorías obtenidas {"total":4}
[2026-02-24 23:50:15] [DEBUG] Todas las categorías obtenidas {"total":4}
[2026-02-24 23:50:23] [DEBUG] Todas las categorías obtenidas {"total":4}
[2026-02-24 23:50:24] [DEBUG] Todas las categorías obtenidas {"total":4}
[2026-02-24 19:51:46] [ERROR] DEPRECATED: Function strftime() is deprecated since 8.1, use IntlDateFormatter::format() instead en /opt/homebrew/var/www/inventario/Views/ventas/index.php línea 397 
[2026-02-24 20:16:06] [ERROR] DEPRECATED: Function strftime() is deprecated since 8.1, use IntlDateFormatter::format() instead en /opt/homebrew/var/www/inventario/Views/ventas/index.php línea 397 
[2026-02-24 20:16:06] [ERROR] Excepción no capturada: Call to undefined method VentaController::obtenerDetalles() {"file":"\/opt\/homebrew\/var\/www\/inventario\/Views\/ventas\/index.php","line":688,"trace":"#0 {main}"}
[2026-02-24 20:18:59] [ERROR] DEPRECATED: Function strftime() is deprecated since 8.1, use IntlDateFormatter::format() instead en /opt/homebrew/var/www/inventario/Views/ventas/index.php línea 397 
[2026-02-24 20:18:59] [ERROR] Excepción no capturada: Call to undefined method VentaController::obtenerDetalles() {"file":"\/opt\/homebrew\/var\/www\/inventario\/Views\/ventas\/index.php","line":688,"trace":"#0 {main}"}
[2026-02-24 20:20:34] [ERROR] DEPRECATED: Function strftime() is deprecated since 8.1, use IntlDateFormatter::format() instead en /opt/homebrew/var/www/inventario/Views/ventas/index.php línea 397 
[2026-02-24 20:20:34] [ERROR] Excepción no capturada: Call to undefined method VentaController::obtenerDetalles() {"file":"\/opt\/homebrew\/var\/www\/inventario\/Views\/ventas\/index.php","line":688,"trace":"#0 {main}"}
[2026-02-24 20:34:18] [ERROR] DEPRECATED: Function strftime() is deprecated since 8.1, use IntlDateFormatter::format() instead en /opt/homebrew/var/www/inventario/Views/ventas/index.php línea 463 
[2026-02-24 20:34:47] [ERROR] DEPRECATED: Function strftime() is deprecated since 8.1, use IntlDateFormatter::format() instead en /opt/homebrew/var/www/inventario/Views/ventas/index.php línea 463 
[2026-02-24 20:35:13] [ERROR] DEPRECATED: Function strftime() is deprecated since 8.1, use IntlDateFormatter::format() instead en /opt/homebrew/var/www/inventario/Views/ventas/index.php línea 463 
[2026-02-24 20:35:48] [ERROR] DEPRECATED: Function strftime() is deprecated since 8.1, use IntlDateFormatter::format() instead en /opt/homebrew/var/www/inventario/Views/ventas/index.php línea 463 
[2026-02-24 20:52:32] [ERROR] DEPRECATED: Function strftime() is deprecated since 8.1, use IntlDateFormatter::format() instead en /opt/homebrew/var/www/inventario/Views/ventas/index.php línea 463 
[2026-02-24 20:52:48] [ERROR] DEPRECATED: Function strftime() is deprecated since 8.1, use IntlDateFormatter::format() instead en /opt/homebrew/var/www/inventario/Views/ventas/index.php línea 463 
[2026-02-24 20:52:55] [ERROR] DEPRECATED: Function strftime() is deprecated since 8.1, use IntlDateFormatter::format() instead en /opt/homebrew/var/www/inventario/Views/ventas/index.php línea 463 
[2026-02-24 20:53:18] [ERROR] DEPRECATED: Function strftime() is deprecated since 8.1, use IntlDateFormatter::format() instead en /opt/homebrew/var/www/inventario/Views/ventas/index.php línea 463 
